sample-app/build/intermediates/manifest_merge_blame_file/debug/manifest-merger-blame-debug-report.txt
1<?xml version="1.0" encoding="utf-8"?>
2<manifest xmlns:android="http://schemas.android.com/apk/res/android"
3    package="com.video.sample"
4    android:versionCode="1"
5    android:versionName="1.0" >
6
7    <uses-sdk
8        android:minSdkVersion="21"
8-->src\main\AndroidManifest.xml
9        android:targetSdkVersion="29" />
9-->src\main\AndroidManifest.xml
10
11    <uses-permission android:name="android.permission.CAMERA" />
11-->src\main\AndroidManifest.xml:5:5-65
11-->src\main\AndroidManifest.xml:5:22-62
12    <uses-permission android:name="android.permission.WRITE_EXTERNAL_STORAGE" />
12-->src\main\AndroidManifest.xml:6:5-81
12-->src\main\AndroidManifest.xml:6:22-78
13    <uses-permission android:name="android.permission.READ_EXTERNAL_STORAGE" />
13-->src\main\AndroidManifest.xml:7:5-80
13-->src\main\AndroidManifest.xml:7:22-77
14
15    <application
15-->src\main\AndroidManifest.xml:9:5-39:19
16        android:allowBackup="true"
16-->src\main\AndroidManifest.xml:10:9-35
17        android:appComponentFactory="androidx.core.app.CoreComponentFactory"
17-->[androidx.core:core:1.1.0-rc01] AndroidManifest.xml:24:18-86
18        android:debuggable="true"
19        android:icon="@mipmap/ic_launcher"
19-->src\main\AndroidManifest.xml:11:9-43
20        android:label="@string/app_name"
20-->src\main\AndroidManifest.xml:12:9-41
21        android:largeHeap="true"
21-->src\main\AndroidManifest.xml:14:9-33
22        android:supportsRtl="true"
22-->src\main\AndroidManifest.xml:13:9-35
23        android:theme="@style/AppTheme" >
23-->src\main\AndroidManifest.xml:15:9-40
24        <provider
24-->src\main\AndroidManifest.xml:17:9-25:20
25            android:name="androidx.core.content.FileProvider"
25-->src\main\AndroidManifest.xml:18:13-62
26            android:authorities="com.video.sample.fileprovider"
26-->src\main\AndroidManifest.xml:19:13-64
27            android:exported="false"
27-->src\main\AndroidManifest.xml:20:13-37
28            android:grantUriPermissions="true" >
28-->src\main\AndroidManifest.xml:21:13-47
29            <meta-data
29-->src\main\AndroidManifest.xml:22:13-24:57
30                android:name="android.support.FILE_PROVIDER_PATHS"
30-->src\main\AndroidManifest.xml:23:17-67
31                android:resource="@xml/provider_paths" />
31-->src\main\AndroidManifest.xml:24:17-55
32        </provider>
33
34        <activity android:name="com.video.sample.MainActivity" >
34-->src\main\AndroidManifest.xml:27:9-33:20
34-->src\main\AndroidManifest.xml:27:19-47
35            <intent-filter>
35-->src\main\AndroidManifest.xml:28:13-32:29
36                <action android:name="android.intent.action.MAIN" />
36-->src\main\AndroidManifest.xml:29:17-69
36-->src\main\AndroidManifest.xml:29:25-66
37
38                <category android:name="android.intent.category.LAUNCHER" />
38-->src\main\AndroidManifest.xml:31:17-77
38-->src\main\AndroidManifest.xml:31:27-74
39            </intent-filter>
40        </activity>
41        <activity android:name="com.video.sample.TrimmerActivity" />
41-->src\main\AndroidManifest.xml:35:9-36:47
41-->src\main\AndroidManifest.xml:36:13-44
42        <activity android:name="com.video.sample.CropperActivity" />
42-->src\main\AndroidManifest.xml:37:9-38:47
42-->src\main\AndroidManifest.xml:38:13-44
43    </application>
44
45</manifest>